2020-07-15 09:09:22,435 INFO org.springframework.boot.StartupInfoLogger [main] Starting MybatisServiceApplication on Saurav-Kumar with PID 7128 (D:\mybatis-service\target\classes started by Saurav Kumar in D:\mybatis-service)
2020-07-15 09:09:22,435 INFO org.springframework.boot.StartupInfoLogger [main] Starting MybatisServiceApplication on Saurav-Kumar with PID 7128 (D:\mybatis-service\target\classes started by Saurav Kumar in D:\mybatis-service)
2020-07-15 09:09:22,443 DEBUG org.springframework.boot.StartupInfoLogger [main] Running with Spring Boot v2.3.1.RELEASE, Spring v5.2.7.RELEASE
2020-07-15 09:09:22,443 DEBUG org.springframework.boot.StartupInfoLogger [main] Running with Spring Boot v2.3.1.RELEASE, Spring v5.2.7.RELEASE
2020-07-15 09:09:22,443 INFO org.springframework.boot.SpringApplication [main] The following profiles are active: dev
2020-07-15 09:09:22,443 INFO org.springframework.boot.SpringApplication [main] The following profiles are active: dev
2020-07-15 09:09:22,502 INFO org.springframework.boot.logging.DeferredLog [main] For additional web related logging consider setting the 'logging.level.web' property to 'DEBUG'
2020-07-15 09:09:24,460 INFO org.springframework.boot.web.embedded.tomcat.TomcatWebServer [main] Tomcat initialized with port(s): 8002 (http)
2020-07-15 09:09:24,475 INFO org.apache.juli.logging.DirectJDKLog [main] Initializing ProtocolHandler ["http-nio-127.0.0.1-8002"]
2020-07-15 09:09:24,476 INFO org.apache.juli.logging.DirectJDKLog [main] Starting service [Tomcat]
2020-07-15 09:09:24,476 INFO org.apache.juli.logging.DirectJDKLog [main] Starting Servlet engine: [Apache Tomcat/9.0.36]
2020-07-15 09:09:24,479 INFO org.apache.juli.logging.DirectJDKLog [main] Loaded Apache Tomcat Native library [1.2.24] using APR version [1.7.0].
2020-07-15 09:09:24,479 INFO org.apache.juli.logging.DirectJDKLog [main] APR capabilities: IPv6 [true], sendfile [true], accept filters [false], random [true].
2020-07-15 09:09:24,479 INFO org.apache.juli.logging.DirectJDKLog [main] APR/OpenSSL configuration: useAprConnector [false], useOpenSSL [true]
2020-07-15 09:09:24,501 INFO org.apache.juli.logging.DirectJDKLog [main] OpenSSL successfully initialized [OpenSSL 1.1.1g  21 Apr 2020]
2020-07-15 09:09:24,627 INFO org.apache.juli.logging.DirectJDKLog [main] Initializing Spring embedded WebApplicationContext
2020-07-15 09:09:24,628 INFO org.springframework.boot.web.servlet.context.ServletWebServerApplicationContext [main] Root WebApplicationContext: initialization completed in 2125 ms
2020-07-15 09:09:25,588 INFO org.springframework.boot.actuate.endpoint.web.EndpointLinksResolver [main] Exposing 2 endpoint(s) beneath base path '/actuator'
2020-07-15 09:09:25,639 INFO springfox.documentation.spring.web.PropertySourcedRequestMappingHandlerMapping [main] Mapped URL path [/v2/api-docs] onto method [springfox.documentation.swagger2.web.Swagger2Controller#getDocumentation(String, HttpServletRequest)]
2020-07-15 09:09:25,648 INFO org.springframework.scheduling.concurrent.ExecutorConfigurationSupport [main] Initializing ExecutorService
2020-07-15 09:09:25,651 INFO org.springframework.scheduling.concurrent.ExecutorConfigurationSupport [main] Initializing ExecutorService 'taskExecutors'
2020-07-15 09:09:25,905 INFO org.apache.juli.logging.DirectJDKLog [main] Starting ProtocolHandler ["http-nio-127.0.0.1-8002"]
2020-07-15 09:09:25,930 INFO org.springframework.boot.web.embedded.tomcat.TomcatWebServer [main] Tomcat started on port(s): 8002 (http) with context path ''
2020-07-15 09:09:25,932 INFO springfox.documentation.spring.web.plugins.DocumentationPluginsBootstrapper [main] Context refreshed
2020-07-15 09:09:25,950 INFO springfox.documentation.spring.web.plugins.DocumentationPluginsBootstrapper [main] Found 1 custom documentation plugin(s)
2020-07-15 09:09:25,975 INFO springfox.documentation.spring.web.scanners.ApiListingReferenceScanner [main] Scanning for api listing references
2020-07-15 09:09:26,187 INFO springfox.documentation.spring.web.readers.operation.CachingOperationNameGenerator [main] Generating unique operation named: handleUsingGET_1
2020-07-15 09:09:26,190 INFO springfox.documentation.spring.web.readers.operation.CachingOperationNameGenerator [main] Generating unique operation named: handleUsingGET_2
2020-07-15 09:09:26,226 INFO org.springframework.boot.StartupInfoLogger [main] Started MybatisServiceApplication in 4.355 seconds (JVM running for 6.34)
2020-07-15 09:09:26,226 INFO org.springframework.boot.StartupInfoLogger [main] Started MybatisServiceApplication in 4.355 seconds (JVM running for 6.34)
2020-07-15 09:09:26,358 INFO org.apache.juli.logging.DirectJDKLog [RMI TCP Connection(4)-192.168.43.192] Initializing Spring DispatcherServlet 'dispatcherServlet'
2020-07-15 09:09:26,359 INFO org.springframework.web.servlet.FrameworkServlet [RMI TCP Connection(4)-192.168.43.192] Initializing Servlet 'dispatcherServlet'
2020-07-15 09:09:26,359 INFO com.zaxxer.hikari.HikariDataSource [RMI TCP Connection(3)-192.168.43.192] HikariPool-1 - Starting...
2020-07-15 09:09:26,367 INFO org.springframework.web.servlet.FrameworkServlet [RMI TCP Connection(4)-192.168.43.192] Completed initialization in 8 ms
2020-07-15 09:09:26,646 INFO com.zaxxer.hikari.HikariDataSource [RMI TCP Connection(3)-192.168.43.192] HikariPool-1 - Start completed.
2020-07-15 09:10:07,930 INFO com.learn.spring.mybatisservice.service.impl.UserServiceImpl [GithubLookup-1] Lookup CloudFoundry
2020-07-15 09:10:07,930 INFO com.learn.spring.mybatisservice.service.impl.UserServiceImpl [GithubLookup-1] Lookup CloudFoundry
2020-07-15 09:11:18,801 INFO org.springframework.scheduling.concurrent.ExecutorConfigurationSupport [SpringContextShutdownHook] Shutting down ExecutorService 'taskExecutors'
2020-07-15 09:11:18,803 INFO com.zaxxer.hikari.HikariDataSource [SpringContextShutdownHook] HikariPool-1 - Shutdown initiated...
2020-07-15 09:11:18,809 INFO com.zaxxer.hikari.HikariDataSource [SpringContextShutdownHook] HikariPool-1 - Shutdown completed.
2020-07-15 09:14:24,746 INFO org.springframework.boot.StartupInfoLogger [main] Starting MybatisServiceApplication on Saurav-Kumar with PID 10224 (D:\mybatis-service\target\classes started by Saurav Kumar in D:\mybatis-service)
2020-07-15 09:14:24,746 INFO org.springframework.boot.StartupInfoLogger [main] Starting MybatisServiceApplication on Saurav-Kumar with PID 10224 (D:\mybatis-service\target\classes started by Saurav Kumar in D:\mybatis-service)
2020-07-15 09:14:24,747 DEBUG org.springframework.boot.StartupInfoLogger [main] Running with Spring Boot v2.3.1.RELEASE, Spring v5.2.7.RELEASE
2020-07-15 09:14:24,747 DEBUG org.springframework.boot.StartupInfoLogger [main] Running with Spring Boot v2.3.1.RELEASE, Spring v5.2.7.RELEASE
2020-07-15 09:14:24,748 INFO org.springframework.boot.SpringApplication [main] The following profiles are active: dev
2020-07-15 09:14:24,748 INFO org.springframework.boot.SpringApplication [main] The following profiles are active: dev
2020-07-15 09:14:24,800 INFO org.springframework.boot.logging.DeferredLog [main] For additional web related logging consider setting the 'logging.level.web' property to 'DEBUG'
2020-07-15 09:14:26,209 INFO org.springframework.boot.web.embedded.tomcat.TomcatWebServer [main] Tomcat initialized with port(s): 8002 (http)
2020-07-15 09:14:26,219 INFO org.apache.juli.logging.DirectJDKLog [main] Initializing ProtocolHandler ["http-nio-127.0.0.1-8002"]
2020-07-15 09:14:26,220 INFO org.apache.juli.logging.DirectJDKLog [main] Starting service [Tomcat]
2020-07-15 09:14:26,220 INFO org.apache.juli.logging.DirectJDKLog [main] Starting Servlet engine: [Apache Tomcat/9.0.36]
2020-07-15 09:14:26,222 INFO org.apache.juli.logging.DirectJDKLog [main] Loaded Apache Tomcat Native library [1.2.24] using APR version [1.7.0].
2020-07-15 09:14:26,223 INFO org.apache.juli.logging.DirectJDKLog [main] APR capabilities: IPv6 [true], sendfile [true], accept filters [false], random [true].
2020-07-15 09:14:26,223 INFO org.apache.juli.logging.DirectJDKLog [main] APR/OpenSSL configuration: useAprConnector [false], useOpenSSL [true]
2020-07-15 09:14:26,227 INFO org.apache.juli.logging.DirectJDKLog [main] OpenSSL successfully initialized [OpenSSL 1.1.1g  21 Apr 2020]
2020-07-15 09:14:26,296 INFO org.apache.juli.logging.DirectJDKLog [main] Initializing Spring embedded WebApplicationContext
2020-07-15 09:14:26,296 INFO org.springframework.boot.web.servlet.context.ServletWebServerApplicationContext [main] Root WebApplicationContext: initialization completed in 1495 ms
2020-07-15 09:14:26,947 INFO org.springframework.boot.actuate.endpoint.web.EndpointLinksResolver [main] Exposing 2 endpoint(s) beneath base path '/actuator'
2020-07-15 09:14:26,999 INFO springfox.documentation.spring.web.PropertySourcedRequestMappingHandlerMapping [main] Mapped URL path [/v2/api-docs] onto method [springfox.documentation.swagger2.web.Swagger2Controller#getDocumentation(String, HttpServletRequest)]
2020-07-15 09:14:27,010 INFO org.springframework.scheduling.concurrent.ExecutorConfigurationSupport [main] Initializing ExecutorService
2020-07-15 09:14:27,011 INFO org.springframework.scheduling.concurrent.ExecutorConfigurationSupport [main] Initializing ExecutorService 'taskExecutors'
2020-07-15 09:14:27,203 INFO org.apache.juli.logging.DirectJDKLog [main] Starting ProtocolHandler ["http-nio-127.0.0.1-8002"]
2020-07-15 09:14:27,229 INFO org.springframework.boot.web.embedded.tomcat.TomcatWebServer [main] Tomcat started on port(s): 8002 (http) with context path ''
2020-07-15 09:14:27,230 INFO springfox.documentation.spring.web.plugins.DocumentationPluginsBootstrapper [main] Context refreshed
2020-07-15 09:14:27,241 INFO springfox.documentation.spring.web.plugins.DocumentationPluginsBootstrapper [main] Found 1 custom documentation plugin(s)
2020-07-15 09:14:27,263 INFO springfox.documentation.spring.web.scanners.ApiListingReferenceScanner [main] Scanning for api listing references
2020-07-15 09:14:27,431 INFO springfox.documentation.spring.web.readers.operation.CachingOperationNameGenerator [main] Generating unique operation named: handleUsingGET_1
2020-07-15 09:14:27,434 INFO springfox.documentation.spring.web.readers.operation.CachingOperationNameGenerator [main] Generating unique operation named: handleUsingGET_2
2020-07-15 09:14:27,461 INFO org.springframework.boot.StartupInfoLogger [main] Started MybatisServiceApplication in 3.287 seconds (JVM running for 4.671)
2020-07-15 09:14:27,461 INFO org.springframework.boot.StartupInfoLogger [main] Started MybatisServiceApplication in 3.287 seconds (JVM running for 4.671)
2020-07-15 09:14:27,868 INFO com.zaxxer.hikari.HikariDataSource [RMI TCP Connection(4)-192.168.43.192] HikariPool-1 - Starting...
2020-07-15 09:14:27,868 INFO org.apache.juli.logging.DirectJDKLog [RMI TCP Connection(3)-192.168.43.192] Initializing Spring DispatcherServlet 'dispatcherServlet'
2020-07-15 09:14:27,868 INFO org.springframework.web.servlet.FrameworkServlet [RMI TCP Connection(3)-192.168.43.192] Initializing Servlet 'dispatcherServlet'
2020-07-15 09:14:27,874 INFO org.springframework.web.servlet.FrameworkServlet [RMI TCP Connection(3)-192.168.43.192] Completed initialization in 6 ms
2020-07-15 09:14:28,031 INFO com.zaxxer.hikari.HikariDataSource [RMI TCP Connection(4)-192.168.43.192] HikariPool-1 - Start completed.
2020-07-15 09:14:34,638 INFO com.learn.spring.mybatisservice.service.impl.UserServiceImpl [GithubLookup-1] Lookup CloudFoundry
2020-07-15 09:14:34,638 INFO com.learn.spring.mybatisservice.service.impl.UserServiceImpl [GithubLookup-1] Lookup CloudFoundry
2020-07-15 13:19:06,361 WARN com.zaxxer.hikari.pool.HikariPool$HouseKeeper [HikariPool-1 housekeeper] HikariPool-1 - Thread starvation or clock leap detected (housekeeper delta=4h3m38s207ms423µs300ns).
2020-07-15 13:20:05,736 INFO com.learn.spring.mybatisservice.service.impl.UserServiceImpl [GithubLookup-2] Lookup CloudFoundry
2020-07-15 13:20:05,736 INFO com.learn.spring.mybatisservice.service.impl.UserServiceImpl [GithubLookup-2] Lookup CloudFoundry
2020-07-15 13:21:16,036 WARN com.zaxxer.hikari.pool.HikariPool$HouseKeeper [HikariPool-1 housekeeper] HikariPool-1 - Thread starvation or clock leap detected (housekeeper delta=1m1s702ms948µs200ns).
2020-07-15 13:21:38,810 INFO com.learn.spring.mybatisservice.service.impl.UserServiceImpl [GithubLookup-1] Lookup CloudFoundry
2020-07-15 13:21:38,810 INFO com.learn.spring.mybatisservice.service.impl.UserServiceImpl [GithubLookup-1] Lookup CloudFoundry
2020-07-15 13:28:00,016 INFO org.springframework.scheduling.concurrent.ExecutorConfigurationSupport [SpringContextShutdownHook] Shutting down ExecutorService 'taskExecutors'
2020-07-15 13:28:00,020 INFO com.zaxxer.hikari.HikariDataSource [SpringContextShutdownHook] HikariPool-1 - Shutdown initiated...
2020-07-15 13:28:00,026 INFO com.zaxxer.hikari.HikariDataSource [SpringContextShutdownHook] HikariPool-1 - Shutdown completed.
2020-07-15 13:28:08,067 INFO org.springframework.boot.StartupInfoLogger [main] Starting MybatisServiceApplication on Saurav-Kumar with PID 10584 (D:\mybatis-service\target\classes started by Saurav Kumar in D:\mybatis-service)
2020-07-15 13:28:08,067 INFO org.springframework.boot.StartupInfoLogger [main] Starting MybatisServiceApplication on Saurav-Kumar with PID 10584 (D:\mybatis-service\target\classes started by Saurav Kumar in D:\mybatis-service)
2020-07-15 13:28:08,069 DEBUG org.springframework.boot.StartupInfoLogger [main] Running with Spring Boot v2.3.1.RELEASE, Spring v5.2.7.RELEASE
2020-07-15 13:28:08,069 DEBUG org.springframework.boot.StartupInfoLogger [main] Running with Spring Boot v2.3.1.RELEASE, Spring v5.2.7.RELEASE
2020-07-15 13:28:08,069 INFO org.springframework.boot.SpringApplication [main] The following profiles are active: dev
2020-07-15 13:28:08,069 INFO org.springframework.boot.SpringApplication [main] The following profiles are active: dev
2020-07-15 13:28:08,114 INFO org.springframework.boot.logging.DeferredLog [main] For additional web related logging consider setting the 'logging.level.web' property to 'DEBUG'
2020-07-15 13:28:09,470 INFO org.springframework.boot.web.embedded.tomcat.TomcatWebServer [main] Tomcat initialized with port(s): 8002 (http)
2020-07-15 13:28:09,476 INFO org.apache.juli.logging.DirectJDKLog [main] Initializing ProtocolHandler ["http-nio-127.0.0.1-8002"]
2020-07-15 13:28:09,476 INFO org.apache.juli.logging.DirectJDKLog [main] Starting service [Tomcat]
2020-07-15 13:28:09,477 INFO org.apache.juli.logging.DirectJDKLog [main] Starting Servlet engine: [Apache Tomcat/9.0.36]
2020-07-15 13:28:09,478 INFO org.apache.juli.logging.DirectJDKLog [main] Loaded Apache Tomcat Native library [1.2.24] using APR version [1.7.0].
2020-07-15 13:28:09,478 INFO org.apache.juli.logging.DirectJDKLog [main] APR capabilities: IPv6 [true], sendfile [true], accept filters [false], random [true].
2020-07-15 13:28:09,479 INFO org.apache.juli.logging.DirectJDKLog [main] APR/OpenSSL configuration: useAprConnector [false], useOpenSSL [true]
2020-07-15 13:28:09,482 INFO org.apache.juli.logging.DirectJDKLog [main] OpenSSL successfully initialized [OpenSSL 1.1.1g  21 Apr 2020]
2020-07-15 13:28:09,559 INFO org.apache.juli.logging.DirectJDKLog [main] Initializing Spring embedded WebApplicationContext
2020-07-15 13:28:09,559 INFO org.springframework.boot.web.servlet.context.ServletWebServerApplicationContext [main] Root WebApplicationContext: initialization completed in 1445 ms
2020-07-15 13:28:10,228 INFO org.springframework.boot.actuate.endpoint.web.EndpointLinksResolver [main] Exposing 2 endpoint(s) beneath base path '/actuator'
2020-07-15 13:28:10,278 INFO springfox.documentation.spring.web.PropertySourcedRequestMappingHandlerMapping [main] Mapped URL path [/v2/api-docs] onto method [springfox.documentation.swagger2.web.Swagger2Controller#getDocumentation(String, HttpServletRequest)]
2020-07-15 13:28:10,288 INFO org.springframework.scheduling.concurrent.ExecutorConfigurationSupport [main] Initializing ExecutorService
2020-07-15 13:28:10,290 INFO org.springframework.scheduling.concurrent.ExecutorConfigurationSupport [main] Initializing ExecutorService 'taskExecutors'
2020-07-15 13:28:10,485 INFO org.apache.juli.logging.DirectJDKLog [main] Starting ProtocolHandler ["http-nio-127.0.0.1-8002"]
2020-07-15 13:28:10,506 INFO org.springframework.boot.web.embedded.tomcat.TomcatWebServer [main] Tomcat started on port(s): 8002 (http) with context path ''
2020-07-15 13:28:10,508 INFO springfox.documentation.spring.web.plugins.DocumentationPluginsBootstrapper [main] Context refreshed
2020-07-15 13:28:10,519 INFO springfox.documentation.spring.web.plugins.DocumentationPluginsBootstrapper [main] Found 1 custom documentation plugin(s)
2020-07-15 13:28:10,538 INFO springfox.documentation.spring.web.scanners.ApiListingReferenceScanner [main] Scanning for api listing references
2020-07-15 13:28:10,698 INFO springfox.documentation.spring.web.readers.operation.CachingOperationNameGenerator [main] Generating unique operation named: handleUsingGET_1
2020-07-15 13:28:10,702 INFO springfox.documentation.spring.web.readers.operation.CachingOperationNameGenerator [main] Generating unique operation named: handleUsingGET_2
2020-07-15 13:28:10,728 INFO org.springframework.boot.StartupInfoLogger [main] Started MybatisServiceApplication in 3.179 seconds (JVM running for 4.263)
2020-07-15 13:28:10,728 INFO org.springframework.boot.StartupInfoLogger [main] Started MybatisServiceApplication in 3.179 seconds (JVM running for 4.263)
2020-07-15 13:28:11,122 INFO com.zaxxer.hikari.HikariDataSource [RMI TCP Connection(2)-192.168.43.192] HikariPool-1 - Starting...
2020-07-15 13:28:11,122 INFO org.apache.juli.logging.DirectJDKLog [RMI TCP Connection(3)-192.168.43.192] Initializing Spring DispatcherServlet 'dispatcherServlet'
2020-07-15 13:28:11,122 INFO org.springframework.web.servlet.FrameworkServlet [RMI TCP Connection(3)-192.168.43.192] Initializing Servlet 'dispatcherServlet'
2020-07-15 13:28:11,129 INFO org.springframework.web.servlet.FrameworkServlet [RMI TCP Connection(3)-192.168.43.192] Completed initialization in 7 ms
2020-07-15 13:28:11,223 INFO com.zaxxer.hikari.HikariDataSource [RMI TCP Connection(2)-192.168.43.192] HikariPool-1 - Start completed.
2020-07-15 13:28:26,480 INFO com.learn.spring.mybatisservice.service.impl.UserServiceImpl [GithubLookup-2] Lookup CloudFoundry
2020-07-15 13:28:26,480 INFO com.learn.spring.mybatisservice.service.impl.UserServiceImpl [GithubLookup-1] Lookup PivotalSoftware
2020-07-15 13:28:26,480 INFO com.learn.spring.mybatisservice.service.impl.UserServiceImpl [GithubLookup-2] Lookup CloudFoundry
2020-07-15 13:28:26,480 INFO com.learn.spring.mybatisservice.service.impl.UserServiceImpl [GithubLookup-1] Lookup PivotalSoftware
2020-07-15 13:28:28,486 INFO com.learn.spring.mybatisservice.service.impl.UserServiceImpl [GithubLookup-1] Lookup Spring-Projects
2020-07-15 13:28:28,486 INFO com.learn.spring.mybatisservice.service.impl.UserServiceImpl [GithubLookup-1] Lookup Spring-Projects
2020-07-15 13:28:34,179 INFO com.learn.spring.mybatisservice.controoler.MybatisController [http-nio-127.0.0.1-8002-exec-1] --> User(name=Pivotal Software, Inc., blog=http://pivotal.io)
2020-07-15 13:28:34,179 INFO com.learn.spring.mybatisservice.controoler.MybatisController [http-nio-127.0.0.1-8002-exec-1] --> User(name=Pivotal Software, Inc., blog=http://pivotal.io)
2020-07-15 13:28:41,434 INFO com.learn.spring.mybatisservice.controoler.MybatisController [http-nio-127.0.0.1-8002-exec-1] --> User(name=Cloud Foundry, blog=https://www.cloudfoundry.org/)
2020-07-15 13:28:41,434 INFO com.learn.spring.mybatisservice.controoler.MybatisController [http-nio-127.0.0.1-8002-exec-1] --> User(name=Cloud Foundry, blog=https://www.cloudfoundry.org/)
2020-07-15 13:28:41,981 INFO com.learn.spring.mybatisservice.controoler.MybatisController [http-nio-127.0.0.1-8002-exec-1] --> User(name=Spring, blog=https://spring.io/projects)
2020-07-15 13:28:41,981 INFO com.learn.spring.mybatisservice.controoler.MybatisController [http-nio-127.0.0.1-8002-exec-1] --> User(name=Spring, blog=https://spring.io/projects)
2020-07-15 13:28:43,990 INFO com.learn.spring.mybatisservice.service.impl.UserServiceImpl [GithubLookup-2] Lookup CloudFoundry
2020-07-15 13:28:43,990 INFO com.learn.spring.mybatisservice.service.impl.UserServiceImpl [GithubLookup-2] Lookup CloudFoundry
2020-07-15 18:04:53,715 WARN com.zaxxer.hikari.pool.HikariPool$HouseKeeper [HikariPool-1 housekeeper] HikariPool-1 - Thread starvation or clock leap detected (housekeeper delta=4h28m12s134ms333µs600ns).
2020-07-15 18:54:09,913 WARN com.zaxxer.hikari.pool.HikariPool$HouseKeeper [HikariPool-1 housekeeper] HikariPool-1 - Thread starvation or clock leap detected (housekeeper delta=45s397ms346µs900ns).
2020-07-15 19:06:07,568 WARN com.zaxxer.hikari.pool.HikariPool$HouseKeeper [HikariPool-1 housekeeper] HikariPool-1 - Thread starvation or clock leap detected (housekeeper delta=7m57s590ms288µs).
2020-07-15 19:13:23,765 WARN com.zaxxer.hikari.pool.HikariPool$HouseKeeper [HikariPool-1 housekeeper] HikariPool-1 - Thread starvation or clock leap detected (housekeeper delta=46s95ms715µs500ns).
2020-07-15 19:43:59,207 WARN com.zaxxer.hikari.pool.HikariPool$HouseKeeper [HikariPool-1 housekeeper] HikariPool-1 - Thread starvation or clock leap detected (housekeeper delta=21m5s327ms717µs900ns).
2020-07-15 19:55:55,270 WARN com.zaxxer.hikari.pool.HikariPool$HouseKeeper [HikariPool-1 housekeeper] HikariPool-1 - Thread starvation or clock leap detected (housekeeper delta=3m55s963ms125µs300ns).
2020-07-15 20:40:19,760 WARN com.zaxxer.hikari.pool.HikariPool$HouseKeeper [HikariPool-1 housekeeper] HikariPool-1 - Thread starvation or clock leap detected (housekeeper delta=40m24s412ms868µs200ns).
2020-07-15 21:03:16,734 WARN com.zaxxer.hikari.pool.HikariPool$HouseKeeper [HikariPool-1 housekeeper] HikariPool-1 - Thread starvation or clock leap detected (housekeeper delta=19m26s919ms950µs700ns).
2020-07-15 22:22:30,647 WARN com.zaxxer.hikari.pool.HikariPool$HouseKeeper [HikariPool-1 housekeeper] HikariPool-1 - Thread starvation or clock leap detected (housekeeper delta=1h15m19s110ms962µs200ns).
